Begin job by input: H2O.BOA.lowdin, for user: edwin  at  Tue Feb 18 16:07:51 COT 2014
under operating system Linux canaan 3.12-1-amd64 #1 SMP Debian 3.12.6-2 (2013-12-29) x86_64 GNU/Linux

BEGIN INPUT INFO:
------------------------------------
%%%%%%%%%%%%%%%%%%%%%%%%%%%%%%%%%%%%%%%%%%%%%%%%%
%  Test RHF
%  H2O Single Point
%  Electronic Hartree Fock
%  Basis sets used:
%      6-311g e-
%  Results
%      TEST ENERGY =     -76.008843007734
%      VIRIAL RATIO (V/T) =         1.9991485503
% End Results
%      Author: Felix Moncada - GQT-UNAL/2011
%%%%%%%%%%%%%%%%%%%%%%%%%%%%%%%%%%%%%%%%%%%%%%%%%

SYSTEM_DESCRIPTION='Molecula de H2O'

GEOMETRY
	e-[O]   6-311G     0.000000      0.000000     -0.066575
	e-[H]   6-311G     0.000000      0.754175      0.528381
	e-[H]   6-311G     0.000000     -0.754174      0.528382
	O        dirac     0.000000      0.000000     -0.066575
	H_1      dirac     0.000000      0.754175      0.528381	
	H_1      dirac     0.000000     -0.754174      0.528382  
END GEOMETRY

TASKS
	method = "RHF"
END TASKS

CONTROL
	integralScheme="rys"
	numberOfCores=7
END CONTROL





... END INPUT INFO


 LOWDIN execution started at : Tue Feb 18 16:07:51 2014
 ---------------------------------------------------------------
 
 ***************************************************************
 *                   LOWDIN 2.0  (May/2013)                    *
 *                                                             *
 *  R. FLORES-MORENO, E. F. POSADA, F. S. MONCADA, J.ROMERO,   *
 *  J. CHARRY, M. DIAZ-TINOCO, S. A. GONZALEZ, N. F. AGUIRRE,  *
 *  A. REYES                                                   *
 *                                                             *
 *  https://sites.google.com/site/lowdinproject/               *
 *                                                             *
 ***************************************************************
 
 PARSING INPUT... DONE!
 
 LOWDIN IS RUNNING WITH NEXT PARAMETERS: 
 ----------------------------------------
 
         METHOD TYPE:  RHF
         NUMBER OF CORES:     7
         NONELECTRONIC ENERGY TOLERANCE IN SCFs:     0.10000E-04
         NONELECTRONIC DENSITY MATRIX TOLERANCE IN SCFs:     0.50000E-03
         ELECTRONIC ENERGY TOLERANCE IN SCFs:     0.10000E-05
         ELECTRONIC DENSITY MATRIX TOLERANCE IN SCFs:     0.10000E-05
         TOTAL ENERGY TOLERANCE IN SCFs:     0.10000E-06
         SCF MAX. ITERATIONS - NONELECTRONICS : 10000
         SCF MAX. ITERATIONS - ELECTRONICS : 20000
         SCF MAX. ITERATIONS - INTERSPECIES :  5000
         CRITERIUM OF CONVERGENCE: ENERGY
         NONELECTRONIC DENSITY GUESS: HCORE
         ELECTRONIC DENSITY GUESS: HCORE
         SCHEME OF ITERATION:     3
         INTEGRAL DESTINY: MEMORY
         STACK SIZE FOR ERIS : 30000
         METHOD OF SCF CONVERGENCE: DAMPING
 
  MOLECULAR SYSTEM: H2O.BOA
 -----------------
 
    DESCRIPTION   : Molecula de H2O
    CHARGE        :   0
    PUNTUAL GROUP : NONE
 
 
  INFORMATION OF PARTICLES :
 =========================
         Total number of particles   =      13
         Number of quantum particles =      10
         Number of puntual charges   =       3
         Number of quantum species   =       1
 
                 INFORMATION OF QUANTUM SPECIES 
     ---------------------------------------------------------------------
         ID      Symbol          mass     charge     spin     multiplicity
     ---------------------------------------------------------------------
         1             E-         1.0      -1.0      0.50      1.00
 
                   CONSTANTS OF COUPLING 
      ------------------------------------------------------------
           Symbol          kappa      eta     lambda     ocupation
      ------------------------------------------------------------
                 E-        -1.0      2.00      2.00      5.00
 
                   BASIS SET FOR SPECIES 
      ------------------------------------------------------------
           Symbol          N. Basis     N. Particles     Basis Set
      ------------------------------------------------------------
                 E-           13               10         6-311G
 
                                ATOMIC BASIS
         ------------------------------------------------------------
          PRIMITIVE   SHELL             EXPONENT         COEFFICIENT 
         ------------------------------------------------------------
 
    BEGIN DESCRIPTION OF BASIS FOR:    E-
    ==============================
 
 
             O BASIS SET:         6-311G
             1         S             8588.50000000          0.00189515
             2         S             1297.23000000          0.01438590
             3         S              299.29600000          0.07073200
             4         S               87.37710000          0.24000100
             5         S               25.67890000          0.59479700
             6         S                3.74004000          0.28080200
             1         S               42.11750000          0.11388900
             2         S                9.62837000          0.92081100
             3         S                2.85332000         -0.00327447
             1         P               42.11750000          0.03651140
             2         P                9.62837000          0.23715300
             3         P                2.85332000          0.81970200
             1         S                0.90566100          1.00000000
             1         P                0.90566100          1.00000000
             1         S                0.25561100          1.00000000
             1         P                0.25561100          1.00000000
 
             H BASIS SET:         6-311G
             1         S               33.86500000          0.02549380
             2         S                5.09479000          0.19037300
             3         S                1.15879000          0.85216100
             1         S                0.32584000          1.00000000
             1         S                0.10274100          1.00000000
 
             H BASIS SET:         6-311G
             1         S               33.86500000          0.02549380
             2         S                5.09479000          0.19037300
             3         S                1.15879000          0.85216100
             1         S                0.32584000          1.00000000
             1         S                0.10274100          1.00000000
    ... END DESCRIPTION OF BASIS
 
 
  END INFORMATION OF PARTICLES
 
                       INITIAL GEOMETRY: AMSTRONG
                 -----------------------------------
                       <x>                 <y>                 <z>
       E-O        0.0000000000        0.0000000000       -0.0665750000
       E-H        0.0000000000        0.7541750000        0.5283810000
       E-H        0.0000000000       -0.7541740000        0.5283820000
         O        0.0000000000        0.0000000000       -0.0665750000
         H        0.0000000000        0.7541750000        0.5283810000
         H        0.0000000000       -0.7541740000        0.5283820000
  
 
                     MATRIX OF DISTANCE: ANGSTROM
                 -----------------------------------
                          O(1)           H(2)           H(3)      
 
        O(1)             0.000000       0.960600       0.960600
        H(2)             0.960600       0.000000       1.508349
        H(3)             0.960600       1.508349       0.000000
 
----------------------------------------------------------------------
** PROGRAM: HF (Hartree Fock).      Author: S.A. Gonzalez, E. Posada  
----------------------------------------------------------------------
INFO: RUNNING IN RHF MODE.
 
----------------------------------------------------------------------
** PROGRAM INTS                          Author: E. F. Posada, 2013   
----------------------------------------------------------------------
INFO: RUNNING IN ONE_PARTICLE MODE.
 
 Stored    361 overlap integrals of specie E- in file lowdin.opints
 Stored    361 kinetic integrals of specie E- in file lowdin.opints
 Stored    361 attraction integrals of specie E- in file lowdin.opints
 Stored   1083 Moment integrals of specie E- in file lowdin.opints
 
** TOTAL Enlapsed Time INTS :      0.016 (s)
 
 RYS QUADRATURE SCHEME                 
 LOWDIN-RYS Implementation V. 1.0   Guerrero R. D. ; Posada E. F. 2013 
 ----------------------------------------------------------------------
**Stored         1785 non-zero repulsion integrals of species: E-
** TOTAL Enlapsed Time INTS :      0.044 (s)
 Stored          984 non-zero repulsion integrals of species: E-
 Stored          984 non-zero repulsion integrals of species: E-
** TOTAL Enlapsed Time INTS :      0.044 (s)
**Stored         1459 non-zero repulsion integrals of species: E-
** TOTAL Enlapsed Time INTS :      0.044 (s)
**Stored         1138 non-zero repulsion integrals of species: E-
** TOTAL Enlapsed Time INTS :      0.052 (s)
**Stored          935 non-zero repulsion integrals of species: E-
** TOTAL Enlapsed Time INTS :      0.064 (s)
**Stored         2412 non-zero repulsion integrals of species: E-
** TOTAL Enlapsed Time INTS :      0.084 (s)
**Stored         1033 non-zero repulsion integrals of species: E-
** TOTAL Enlapsed Time INTS :      0.092 (s)
 DONE!
 
 Begin SCF calculation by: E-
 -------------------------
 
 -----------------------------------------------------------------
 Iteration      Energy           Density Change         DIIS Error 
 -----------------------------------------------------------------
    1      -76.7144396511        0.9279339709         --          
    2      -81.2881218521        0.9113335655         --          
    3      -84.0377743941        0.0588793513         --          
    4      -85.1601722804        0.0601656749         --          
    5      -85.1717646629        0.0115777821         --          
    6      -85.1731358005        0.0045046432         --          
    7      -85.1737263488        0.0012394814         --          
    8      -85.1737704685        0.0007363942         --          
    9      -85.1737839467        0.0003084611         --          
   10      -85.1737860679        0.0001541955         --          
   11      -85.1737866203        0.0000772988         --          
   12      -85.1737868207        0.0000324169         --          
   13      -85.1737868471        0.0000135687         --          
   14      -85.1737868532        0.0000070175         --          
   15      -85.1737868546        0.0000031729         --          
   16      -85.1737868549        0.0000018175         --          
   17      -85.1737868550        0.0000008489         --          
 
 SCF STATUS: CONVERGENCE SUCCESS BY: E-
 
 ... end SCF calculation
 
** TOTAL Enlapsed Time SCF :      0.548 (s)
 
 
  EIGENVALUES AND EIGENVECTORS: 
 ==============================
 
 
  Eigenvectors for: E-
 -----------------
 
                         -20.5546        -1.3582        -0.7082        -0.5655        -0.5045   
 
    1       O    S       0.551453      -0.113169       0.000000      -0.041301      -0.000000
    2       O    S       0.471684      -0.189888       0.000000      -0.069853       0.000000
    3       O   Px       0.000000      -0.000000       0.000000      -0.000000      -0.293548
    4       O   Py       0.000000       0.000000      -0.221402      -0.000000      -0.000000
    5       O   Pz       0.002551       0.041869       0.000000      -0.250778       0.000000
    6       O    S       0.005463       0.542795      -0.000000       0.213033      -0.000000
    7       O   Px       0.000000       0.000000       0.000000      -0.000000      -0.440870
    8       O   Py      -0.000000       0.000000      -0.367878      -0.000000      -0.000000
    9       O   Pz      -0.000939       0.093372       0.000000      -0.380330       0.000000
   10       O    S      -0.000135       0.441304      -0.000000       0.286977       0.000000
   11       O   Px      -0.000000      -0.000000       0.000000      -0.000000      -0.486454
   12       O   Py       0.000000       0.000000      -0.225962      -0.000000      -0.000000
   13       O   Pz       0.000357       0.056366       0.000000      -0.378220       0.000000
   14       H    S       0.000208       0.097832      -0.158505      -0.089389       0.000000
   15       H    S      -0.000120       0.038589      -0.200906      -0.110463      -0.000000
   16       H    S       0.000100      -0.003825      -0.052342      -0.031396       0.000000
   17       H    S       0.000208       0.097832       0.158505      -0.089389       0.000000
   18       H    S      -0.000120       0.038589       0.200906      -0.110463      -0.000000
   19       H    S       0.000100      -0.003825       0.052342      -0.031396       0.000000
 
                           0.1404         0.2131         0.5543         0.5985         0.9998   
 
    1       O    S      -0.033361      -0.000000      -0.000000       0.033624      -0.000000
    2       O    S      -0.054565      -0.000000      -0.000000       0.058751      -0.000000
    3       O   Px      -0.000000      -0.000000       0.000000       0.000000       0.240833
    4       O   Py       0.000000      -0.125227       0.128580       0.000000       0.000000
    5       O   Pz       0.080022       0.000000       0.000000      -0.112221      -0.000000
    6       O    S       0.105333       0.000000       0.000000      -0.151542       0.000000
    7       O   Px      -0.000000       0.000000       0.000000       0.000000       0.836482
    8       O   Py       0.000000      -0.145508       0.192265       0.000000       0.000000
    9       O   Pz       0.133639       0.000000       0.000000      -0.188579       0.000000
   10       O    S       0.849697       0.000000       0.000001      -1.162029      -0.000000
   11       O   Px       0.000000       0.000000      -0.000000      -0.000000      -1.136922
   12       O   Py       0.000000      -0.522999       1.058660       0.000001      -0.000000
   13       O   Pz       0.218264       0.000000       0.000000      -0.972082       0.000000
   14       H    S      -0.037191       0.025241      -0.086622       0.071394      -0.000000
   15       H    S       0.042717      -0.098724      -1.423894       1.711092      -0.000000
   16       H    S      -0.827028       1.553641       0.794654      -0.645480       0.000000
   17       H    S      -0.037191      -0.025241       0.086622       0.071394      -0.000000
   18       H    S       0.042717       0.098724       1.423891       1.711096      -0.000000
   19       H    S      -0.827027      -1.553641      -0.794652      -0.645482       0.000000
 
                           1.0264         1.1509         1.4355         2.4659         2.4963   
 
    1       O    S       0.021169       0.000000       0.117872       0.008993      -0.000000
    2       O    S       0.037730       0.000000       0.249193       0.007632      -0.000000
    3       O   Px       0.000000      -0.000000       0.000000      -0.000000      -0.000000
    4       O   Py       0.000000       0.238442      -0.000000      -0.000000      -0.174715
    5       O   Pz       0.225121      -0.000000      -0.046733      -0.159415       0.000000
    6       O    S      -0.144324      -0.000000      -1.818021       0.115290       0.000000
    7       O   Px       0.000000      -0.000000       0.000000      -0.000000      -0.000000
    8       O   Py       0.000001       0.907183      -0.000000       0.000000       0.039881
    9       O   Pz       0.837756      -0.000001      -0.145714      -0.017198       0.000000
   10       O    S      -0.354021       0.000000       2.887621       0.429032      -0.000000
   11       O   Px      -0.000000       0.000000      -0.000000       0.000000       0.000000
   12       O   Py      -0.000001      -1.695038       0.000001       0.000000       0.286007
   13       O   Pz      -1.414659       0.000001       0.807621       0.375008      -0.000000
   14       H    S       0.049207       0.025901       0.002800       1.092492       1.108401
   15       H    S       0.336736       0.174960      -0.714314      -1.580586      -1.642328
   16       H    S       0.062905       0.749375      -0.317700       0.495129       0.798199
   17       H    S       0.049207      -0.025901       0.002800       1.092491      -1.108402
   18       H    S       0.336736      -0.174960      -0.714314      -1.580585       1.642329
   19       H    S       0.062905      -0.749375      -0.317700       0.495128      -0.798199
 
                           5.3050         5.4239         5.5394        51.4284   
 
    1       O    S      -0.000000      -0.004477       0.000000      -2.246445
    2       O    S       0.000000      -0.010965       0.000000       2.329040
    3       O   Px      -1.270048      -0.000000      -0.000000      -0.000000
    4       O   Py       0.000000      -0.000002      -1.282640       0.000000
    5       O   Pz       0.000000      -1.272678       0.000002       0.004593
    6       O    S       0.000000       0.080356      -0.000000      -0.244098
    7       O   Px       1.370306       0.000000       0.000000       0.000000
    8       O   Py      -0.000000       0.000002       1.475962      -0.000000
    9       O   Pz      -0.000000       1.412365      -0.000002      -0.014481
   10       O    S       0.000000      -0.331755       0.000000       0.243023
   11       O   Px      -0.524007      -0.000000      -0.000000      -0.000000
   12       O   Py       0.000000      -0.000001      -0.799733       0.000000
   13       O   Pz       0.000000      -0.686556       0.000001       0.052035
   14       H    S       0.000000      -0.228216      -0.253043       0.004786
   15       H    S      -0.000000       0.353187       0.301542      -0.042279
   16       H    S      -0.000000      -0.019599       0.164180      -0.030438
   17       H    S       0.000000      -0.228215       0.253043       0.004786
   18       H    S      -0.000000       0.353187      -0.301543      -0.042279
   19       H    S       0.000000      -0.019600      -0.164180      -0.030438
 
 
  end of eigenvectors 
 
  END OF EIGENVALUES AND EIGENVECTORS
 
 
  ENERGY COMPONENTS: 
 ==================
 
         TOTAL KINETIC ENERGY      =        76.0736158681
         TOTAL POTENTIAL ENERGY    =      -152.0824588758
                                           ________________
                      TOTAL ENERGY =     -76.008843007745
 
                VIRIAL RATIO (V/T) =         1.9991485503
 
  COMPONENTS OF KINETIC ENERGY: 
 -----------------------------
 
               E- Kinetic energy   =        76.0736158681
                                           ________________
              Total kinetic energy =        76.0736158681
 
  COMPONENTS OF POTENTIAL ENERGY: 
 -------------------------------
 
         Fixed potential energy    =         9.1649438473
         Q/Fixed potential energy  =      -199.0392337433
         Coupling energy           =         0.0000000000
         Repulsion energy          =        37.7918310202
         ExternalPotential energy  =         0.0000000000
                                           ________________
            Total potential energy =      -152.0824588758
 
  Repulsion energy: 
 ------------------
 
           E-/E- Repulsion energy  =        37.7918310202
 
  Coupling energy: 
 ----------------
 
               E- Coupling energy  =         0.0000000000
 
  Quantum/Fixed interaction energy: 
 -----------------------
 
         E-/Fixed interact. energy =      -199.0392337433
 
  END ENERGY COMPONENTS
 
 
** TOTAL Enlapsed Time HF :      0.048 (s)
 

 Enlapsed Time:   0h  0m  0s 242ms
LOWDIN execution terminated normally at : Tue Feb 18 16:07:52 2014
-rw-r--r-- 1 edwin qtus 480008 Feb 18 16:07 1E-.ints
-rw-r--r-- 1 edwin qtus 480008 Feb 18 16:07 2E-.ints
-rw-r--r-- 1 edwin qtus 480008 Feb 18 16:07 3E-.ints
-rw-r--r-- 1 edwin qtus 480008 Feb 18 16:07 4E-.ints
-rw-r--r-- 1 edwin qtus 480008 Feb 18 16:07 5E-.ints
-rw-r--r-- 1 edwin qtus 480008 Feb 18 16:07 6E-.ints
-rw-r--r-- 1 edwin qtus 480008 Feb 18 16:07 7E-.ints
-rw-r--r-- 1 edwin qtus   1359 Feb 18 16:07 H2O.BOA.aux
-rw-r--r-- 1 edwin qtus    860 Feb 18 16:07 H2O.BOA.lowdin
-rw-r--r-- 1 edwin qtus  19895 Feb 18 16:07 H2O.BOA.out
-rw-r--r-- 1 edwin qtus   3294 Feb 18 16:07 lowdin.bas
-rw-r--r-- 1 edwin qtus   9499 Feb 18 16:07 lowdin.dat
-rw-r--r-- 1 edwin qtus  18294 Feb 18 16:07 lowdin.opints
-rw-r--r-- 1 edwin qtus   9905 Feb 18 16:07 lowdin.sys
-rw-r--r-- 1 edwin qtus  12360 Feb 18 16:07 lowdin.wfn
